# JRE version: OpenJDK Runtime Environment GraalVM CE 22.3.0 (17.0.5+8) (build 17.0.5+8-jvmci-22.3-b08)
# Java VM: OpenJDK 64-Bit Server VM GraalVM CE 22.3.0 (17.0.5+8-jvmci-22.3-b08, mixed mode, sharing, tiered, jvmci, jvmci compiler, compressed oops, compressed class ptrs, parallel gc, linux-amd64)
GC Precious Log:
 CPUs: 8 total, 1 available
 Memory: 1024M
 Large Page Support: Disabled
 NUMA Support: Disabled
 Compressed Oops: Enabled (32-bit)
 Alignments: Space 512K, Generation 512K, Heap 2M
 Heap Min Capacity: 100M
 Heap Initial Capacity: 100M
 Heap Max Capacity: 512M
 Pre-touch: Disabled
 Parallel Workers: 1
Heap:
 PSYoungGen      total 52736K, used 31744K [0x00000000f5580000, 0x00000000fa280000, 0x0000000100000000)
  eden space 31744K, 100% used [0x00000000f5580000,0x00000000f7480000,0x00000000f7480000)
  from space 20992K, 0% used [0x00000000f8e00000,0x00000000f8e00000,0x00000000fa280000)
  to   space 10240K, 0% used [0x00000000f7480000,0x00000000f7480000,0x00000000f7e80000)
 ParOldGen       total 349696K, used 349694K [0x00000000e0000000, 0x00000000f5580000, 0x00000000f5580000)
  object space 349696K, 99% used [0x00000000e0000000,0x00000000f557f910,0x00000000f5580000)
 Metaspace       used 61873K, committed 62976K, reserved 1105920K
  class space    used 6134K, committed 6656K, reserved 1048576K
GC Heap History (20 events):
Event: 1641.436 GC heap before
{Heap before GC invocations=1139 (full 1058):
 PSYoungGen      total 52736K, used 31743K [0x00000000f5580000, 0x00000000fa280000, 0x0000000100000000)
  eden space 31744K, 99% used [0x00000000f5580000,0x00000000f747fff0,0x00000000f7480000)
  from space 20992K, 0% used [0x00000000f8e00000,0x00000000f8e00000,0x00000000fa280000)
  to   space 10240K, 0% used [0x00000000f7480000,0x00000000f7480000,0x00000000f7e80000)
 ParOldGen       total 349696K, used 349689K [0x00000000e0000000, 0x00000000f5580000, 0x00000000f5580000)
  object space 349696K, 99% used [0x00000000e0000000,0x00000000f557e540,0x00000000f5580000)
 Metaspace       used 61870K, committed 62976K, reserved 1105920K
  class space    used 6134K, committed 6656K, reserved 1048576K
}
Event: 1644.822 GC heap after
{Heap after GC invocations=1139 (full 1058):
 PSYoungGen      total 41984K, used 31743K [0x00000000f5580000, 0x00000000fa280000, 0x0000000100000000)
  eden space 31744K, 99% used [0x00000000f5580000,0x00000000f747fea0,0x00000000f7480000)
  from space 10240K, 0% used [0x00000000f7480000,0x00000000f7480000,0x00000000f7e80000)
  to   space 20992K, 0% used [0x00000000f8e00000,0x00000000f8e00000,0x00000000fa280000)
 ParOldGen       total 349696K, used 349689K [0x00000000e0000000, 0x00000000f5580000, 0x00000000f5580000)
  object space 349696K, 99% used [0x00000000e0000000,0x00000000f557e4b0,0x00000000f5580000)
 Metaspace       used 61870K, committed 62976K, reserved 1105920K
  class space    used 6134K, committed 6656K, reserved 1048576K
}
Event: 1644.857 GC heap before
{Heap before GC invocations=1140 (full 1059):
 PSYoungGen      total 41984K, used 31744K [0x00000000f5580000, 0x00000000fa280000, 0x0000000100000000)
  eden space 31744K, 100% used [0x00000000f5580000,0x00000000f7480000,0x00000000f7480000)
  from space 10240K, 0% used [0x00000000f7480000,0x00000000f7480000,0x00000000f7e80000)
  to   space 20992K, 0% used [0x00000000f8e00000,0x00000000f8e00000,0x00000000fa280000)
 ParOldGen       total 349696K, used 349689K [0x00000000e0000000, 0x00000000f5580000, 0x00000000f5580000)
  object space 349696K, 99% used [0x00000000e0000000,0x00000000f557e4b0,0x00000000f5580000)
 Metaspace       used 61870K, committed 62976K, reserved 1105920K
  class space    used 6134K, committed 6656K, reserved 1048576K
}
Event: 1649.085 GC heap after
{Heap after GC invocations=1140 (full 1059):
 PSYoungGen      total 52736K, used 31743K [0x00000000f5580000, 0x00000000fa280000, 0x0000000100000000)
  eden space 31744K, 99% used [0x00000000f5580000,0x00000000f747ff60,0x00000000f7480000)
  from space 20992K, 0% used [0x00000000f8e00000,0x00000000f8e00000,0x00000000fa280000)
  to   space 10240K, 0% used [0x00000000f7480000,0x00000000f7480000,0x00000000f7e80000)
 ParOldGen       total 349696K, used 349689K [0x00000000e0000000, 0x00000000f5580000, 0x00000000f5580000)
  object space 349696K, 99% used [0x00000000e0000000,0x00000000f557e4b0,0x00000000f5580000)
 Metaspace       used 61870K, committed 62976K, reserved 1105920K
  class space    used 6134K, committed 6656K, reserved 1048576K
}
Event: 1649.095 GC heap before
{Heap before GC invocations=1141 (full 1060):
 PSYoungGen      total 52736K, used 31743K [0x00000000f5580000, 0x00000000fa280000, 0x0000000100000000)
  eden space 31744K, 99% used [0x00000000f5580000,0x00000000f747fff0,0x00000000f7480000)
  from space 20992K, 0% used [0x00000000f8e00000,0x00000000f8e00000,0x00000000fa280000)
  to   space 10240K, 0% used [0x00000000f7480000,0x00000000f7480000,0x00000000f7e80000)
 ParOldGen       total 349696K, used 349689K [0x00000000e0000000, 0x00000000f5580000, 0x00000000f5580000)
  object space 349696K, 99% used [0x00000000e0000000,0x00000000f557e4b0,0x00000000f5580000)
 Metaspace       used 61870K, committed 62976K, reserved 1105920K
  class space    used 6134K, committed 6656K, reserved 1048576K
}
Event: 1652.223 GC heap after
{Heap after GC invocations=1141 (full 1060):
 PSYoungGen      total 41984K, used 31743K [0x00000000f5580000, 0x00000000fa280000, 0x0000000100000000)
  eden space 31744K, 99% used [0x00000000f5580000,0x00000000f747ffd0,0x00000000f7480000)
  from space 10240K, 0% used [0x00000000f7480000,0x00000000f7480000,0x00000000f7e80000)
  to   space 20992K, 0% used [0x00000000f8e00000,0x00000000f8e00000,0x00000000fa280000)
 ParOldGen       total 349696K, used 349689K [0x00000000e0000000, 0x00000000f5580000, 0x00000000f5580000)
  object space 349696K, 99% used [0x00000000e0000000,0x00000000f557e4b0,0x00000000f5580000)
 Metaspace       used 61870K, committed 62976K, reserved 1105920K
  class space    used 6134K, committed 6656K, reserved 1048576K
}
Event: 1652.228 GC heap before
{Heap before GC invocations=1142 (full 1061):
 PSYoungGen      total 41984K, used 31743K [0x00000000f5580000, 0x00000000fa280000, 0x0000000100000000)
  eden space 31744K, 99% used [0x00000000f5580000,0x00000000f747fff8,0x00000000f7480000)
  from space 10240K, 0% used [0x00000000f7480000,0x00000000f7480000,0x00000000f7e80000)
  to   space 20992K, 0% used [0x00000000f8e00000,0x00000000f8e00000,0x00000000fa280000)
 ParOldGen       total 349696K, used 349689K [0x00000000e0000000, 0x00000000f5580000, 0x00000000f5580000)
  object space 349696K, 99% used [0x00000000e0000000,0x00000000f557e4b0,0x00000000f5580000)
 Metaspace       used 61870K, committed 62976K, reserved 1105920K
  class space    used 6134K, committed 6656K, reserved 1048576K
}
Event: 1654.270 GC heap after
{Heap after GC invocations=1142 (full 1061):
 PSYoungGen      total 52736K, used 31743K [0x00000000f5580000, 0x00000000fa280000, 0x0000000100000000)
  eden space 31744K, 99% used [0x00000000f5580000,0x00000000f747fff8,0x00000000f7480000)
  from space 20992K, 0% used [0x00000000f8e00000,0x00000000f8e00000,0x00000000fa280000)
  to   space 10240K, 0% used [0x00000000f7480000,0x00000000f7480000,0x00000000f7e80000)
 ParOldGen       total 349696K, used 349689K [0x00000000e0000000, 0x00000000f5580000, 0x00000000f5580000)
  object space 349696K, 99% used [0x00000000e0000000,0x00000000f557e4b0,0x00000000f5580000)
 Metaspace       used 61870K, committed 62976K, reserved 1105920K
  class space    used 6134K, committed 6656K, reserved 1048576K
}
Event: 1654.274 GC heap before
{Heap before GC invocations=1143 (full 1062):
 PSYoungGen      total 52736K, used 31743K [0x00000000f5580000, 0x00000000fa280000, 0x0000000100000000)
  eden space 31744K, 99% used [0x00000000f5580000,0x00000000f747fff8,0x00000000f7480000)
  from space 20992K, 0% used [0x00000000f8e00000,0x00000000f8e00000,0x00000000fa280000)
  to   space 10240K, 0% used [0x00000000f7480000,0x00000000f7480000,0x00000000f7e80000)
 ParOldGen       total 349696K, used 349692K [0x00000000e0000000, 0x00000000f5580000, 0x00000000f5580000)
  object space 349696K, 99% used [0x00000000e0000000,0x00000000f557f0e0,0x00000000f5580000)
 Metaspace       used 61873K, committed 62976K, reserved 1105920K
  class space    used 6134K, committed 6656K, reserved 1048576K
}
Event: 1655.817 GC heap after
{Heap after GC invocations=1143 (full 1062):
 PSYoungGen      total 41984K, used 31743K [0x00000000f5580000, 0x00000000fa280000, 0x0000000100000000)
  eden space 31744K, 99% used [0x00000000f5580000,0x00000000f747fd20,0x00000000f7480000)
  from space 10240K, 0% used [0x00000000f7480000,0x00000000f7480000,0x00000000f7e80000)
  to   space 20992K, 0% used [0x00000000f8e00000,0x00000000f8e00000,0x00000000fa280000)
 ParOldGen       total 349696K, used 349690K [0x00000000e0000000, 0x00000000f5580000, 0x00000000f5580000)
  object space 349696K, 99% used [0x00000000e0000000,0x00000000f557e908,0x00000000f5580000)
 Metaspace       used 61873K, committed 62976K, reserved 1105920K
  class space    used 6134K, committed 6656K, reserved 1048576K
}
Event: 1655.824 GC heap before
{Heap before GC invocations=1144 (full 1063):
 PSYoungGen      total 41984K, used 31743K [0x00000000f5580000, 0x00000000fa280000, 0x0000000100000000)
  eden space 31744K, 99% used [0x00000000f5580000,0x00000000f747ffe8,0x00000000f7480000)
  from space 10240K, 0% used [0x00000000f7480000,0x00000000f7480000,0x00000000f7e80000)
  to   space 20992K, 0% used [0x00000000f8e00000,0x00000000f8e00000,0x00000000fa280000)
 ParOldGen       total 349696K, used 349690K [0x00000000e0000000, 0x00000000f5580000, 0x00000000f5580000)
  object space 349696K, 99% used [0x00000000e0000000,0x00000000f557e908,0x00000000f5580000)
 Metaspace       used 61873K, committed 62976K, reserved 1105920K
  class space    used 6134K, committed 6656K, reserved 1048576K
}
Event: 1658.065 GC heap after
{Heap after GC invocations=1144 (full 1063):
 PSYoungGen      total 52736K, used 31743K [0x00000000f5580000, 0x00000000fa280000, 0x0000000100000000)
  eden space 31744K, 99% used [0x00000000f5580000,0x00000000f747ff08,0x00000000f7480000)
  from space 20992K, 0% used [0x00000000f8e00000,0x00000000f8e00000,0x00000000fa280000)
  to   space 10240K, 0% used [0x00000000f7480000,0x00000000f7480000,0x00000000f7e80000)
 ParOldGen       total 349696K, used 349690K [0x00000000e0000000, 0x00000000f5580000, 0x00000000f5580000)
  object space 349696K, 99% used [0x00000000e0000000,0x00000000f557e908,0x00000000f5580000)
 Metaspace       used 61873K, committed 62976K, reserved 1105920K
  class space    used 6134K, committed 6656K, reserved 1048576K
}
Event: 1658.066 GC heap before
{Heap before GC invocations=1145 (full 1064):
 PSYoungGen      total 52736K, used 31743K [0x00000000f5580000, 0x00000000fa280000, 0x0000000100000000)
  eden space 31744K, 99% used [0x00000000f5580000,0x00000000f747fff8,0x00000000f7480000)
  from space 20992K, 0% used [0x00000000f8e00000,0x00000000f8e00000,0x00000000fa280000)
  to   space 10240K, 0% used [0x00000000f7480000,0x00000000f7480000,0x00000000f7e80000)
 ParOldGen       total 349696K, used 349690K [0x00000000e0000000, 0x00000000f5580000, 0x00000000f5580000)
  object space 349696K, 99% used [0x00000000e0000000,0x00000000f557e908,0x00000000f5580000)
 Metaspace       used 61873K, committed 62976K, reserved 1105920K
  class space    used 6134K, committed 6656K, reserved 1048576K
}
Event: 1659.441 GC heap after
{Heap after GC invocations=1145 (full 1064):
 PSYoungGen      total 41984K, used 31743K [0x00000000f5580000, 0x00000000fa280000, 0x0000000100000000)
  eden space 31744K, 99% used [0x00000000f5580000,0x00000000f747ffe8,0x00000000f7480000)
  from space 10240K, 0% used [0x00000000f7480000,0x00000000f7480000,0x00000000f7e80000)
  to   space 20992K, 0% used [0x00000000f8e00000,0x00000000f8e00000,0x00000000fa280000)
 ParOldGen       total 349696K, used 349690K [0x00000000e0000000, 0x00000000f5580000, 0x00000000f5580000)
  object space 349696K, 99% used [0x00000000e0000000,0x00000000f557e908,0x00000000f5580000)
 Metaspace       used 61873K, committed 62976K, reserved 1105920K
  class space    used 6134K, committed 6656K, reserved 1048576K
}
Event: 1659.441 GC heap before
{Heap before GC invocations=1146 (full 1065):
 PSYoungGen      total 41984K, used 31744K [0x00000000f5580000, 0x00000000fa280000, 0x0000000100000000)
  eden space 31744K, 100% used [0x00000000f5580000,0x00000000f7480000,0x00000000f7480000)
  from space 10240K, 0% used [0x00000000f7480000,0x00000000f7480000,0x00000000f7e80000)
  to   space 20992K, 0% used [0x00000000f8e00000,0x00000000f8e00000,0x00000000fa280000)
 ParOldGen       total 349696K, used 349694K [0x00000000e0000000, 0x00000000f5580000, 0x00000000f5580000)
  object space 349696K, 99% used [0x00000000e0000000,0x00000000f557f8c8,0x00000000f5580000)
 Metaspace       used 61873K, committed 62976K, reserved 1105920K
  class space    used 6134K, committed 6656K, reserved 1048576K
}
Event: 1661.353 GC heap after
{Heap after GC invocations=1146 (full 1065):
 PSYoungGen      total 52736K, used 31743K [0x00000000f5580000, 0x00000000fa280000, 0x0000000100000000)
  eden space 31744K, 99% used [0x00000000f5580000,0x00000000f747ffe8,0x00000000f7480000)
  from space 20992K, 0% used [0x00000000f8e00000,0x00000000f8e00000,0x00000000fa280000)
  to   space 10240K, 0% used [0x00000000f7480000,0x00000000f7480000,0x00000000f7e80000)
 ParOldGen       total 349696K, used 349693K [0x00000000e0000000, 0x00000000f5580000, 0x00000000f5580000)
  object space 349696K, 99% used [0x00000000e0000000,0x00000000f557f540,0x00000000f5580000)
 Metaspace       used 61873K, committed 62976K, reserved 1105920K
  class space    used 6134K, committed 6656K, reserved 1048576K
}
Event: 1661.357 GC heap before
{Heap before GC invocations=1147 (full 1066):
 PSYoungGen      total 52736K, used 31743K [0x00000000f5580000, 0x00000000fa280000, 0x0000000100000000)
  eden space 31744K, 99% used [0x00000000f5580000,0x00000000f747fff8,0x00000000f7480000)
  from space 20992K, 0% used [0x00000000f8e00000,0x00000000f8e00000,0x00000000fa280000)
  to   space 10240K, 0% used [0x00000000f7480000,0x00000000f7480000,0x00000000f7e80000)
 ParOldGen       total 349696K, used 349695K [0x00000000e0000000, 0x00000000f5580000, 0x00000000f5580000)
  object space 349696K, 99% used [0x00000000e0000000,0x00000000f557fd18,0x00000000f5580000)
 Metaspace       used 61873K, committed 62976K, reserved 1105920K
  class space    used 6134K, committed 6656K, reserved 1048576K
}
Event: 1665.430 GC heap after
{Heap after GC invocations=1147 (full 1066):
 PSYoungGen      total 41984K, used 31743K [0x00000000f5580000, 0x00000000fa280000, 0x0000000100000000)
  eden space 31744K, 99% used [0x00000000f5580000,0x00000000f747ffe8,0x00000000f7480000)
  from space 10240K, 0% used [0x00000000f7480000,0x00000000f7480000,0x00000000f7e80000)
  to   space 20992K, 0% used [0x00000000f8e00000,0x00000000f8e00000,0x00000000fa280000)
 ParOldGen       total 349696K, used 349694K [0x00000000e0000000, 0x00000000f5580000, 0x00000000f5580000)
  object space 349696K, 99% used [0x00000000e0000000,0x00000000f557f848,0x00000000f5580000)
 Metaspace       used 61873K, committed 62976K, reserved 1105920K
  class space    used 6134K, committed 6656K, reserved 1048576K
}
Event: 1665.430 GC heap before
{Heap before GC invocations=1148 (full 1067):
 PSYoungGen      total 41984K, used 31743K [0x00000000f5580000, 0x00000000fa280000, 0x0000000100000000)
  eden space 31744K, 99% used [0x00000000f5580000,0x00000000f747ffe8,0x00000000f7480000)
  from space 10240K, 0% used [0x00000000f7480000,0x00000000f7480000,0x00000000f7e80000)
  to   space 20992K, 0% used [0x00000000f8e00000,0x00000000f8e00000,0x00000000fa280000)
 ParOldGen       total 349696K, used 349694K [0x00000000e0000000, 0x00000000f5580000, 0x00000000f5580000)
  object space 349696K, 99% used [0x00000000e0000000,0x00000000f557f848,0x00000000f5580000)
 Metaspace       used 61873K, committed 62976K, reserved 1105920K
  class space    used 6134K, committed 6656K, reserved 1048576K
}
Event: 1669.124 GC heap after
{Heap after GC invocations=1148 (full 1067):
 PSYoungGen      total 52736K, used 31743K [0x00000000f5580000, 0x00000000fa280000, 0x0000000100000000)
  eden space 31744K, 99% used [0x00000000f5580000,0x00000000f747ffe8,0x00000000f7480000)
  from space 20992K, 0% used [0x00000000f8e00000,0x00000000f8e00000,0x00000000fa280000)
  to   space 10240K, 0% used [0x00000000f7480000,0x00000000f7480000,0x00000000f7e80000)
 ParOldGen       total 349696K, used 349694K [0x00000000e0000000, 0x00000000f5580000, 0x00000000f5580000)
  object space 349696K, 99% used [0x00000000e0000000,0x00000000f557f848,0x00000000f5580000)
 Metaspace       used 61873K, committed 62976K, reserved 1105920K
  class space    used 6134K, committed 6656K, reserved 1048576K
}

